E:\DESKTOP\PROJECT\IPCAMERAACTIVITE\IPCAMERAACTIVITE\DEBUG\IPCAMERAACTIVITE.PCH
E:\DESKTOP\PROJECT\IPCAMERAACTIVITE\IPCAMERAACTIVITE\DEBUG\STDAFX.OBJ
E:\DESKTOP\PROJECT\IPCAMERAACTIVITE\IPCAMERAACTIVITE\DEBUG\VC110.PDB
E:\DESKTOP\PROJECT\IPCAMERAACTIVITE\IPCAMERAACTIVITE\DEBUG\IPCAMERAACTIVITE.OBJ
E:\DESKTOP\PROJECT\IPCAMERAACTIVITE\IPCAMERAACTIVITE\DEBUG\IPCAMERAACTIVITECTRL.OBJ
E:\DESKTOP\PROJECT\IPCAMERAACTIVITE\IPCAMERAACTIVITE\DEBUG\IPCAMERAACTIVITEPROPPAGE.OBJ
E:\DESKTOP\PROJECT\IPCAMERAACTIVITE\IPCAMERAACTIVITE\DEBUG\MYIPCAMERAACTIVE.OBJ
E:\Desktop\project\IpcameraActivite\Debug\IpcameraActivite.lib
E:\Desktop\project\IpcameraActivite\Debug\IpcameraActivite.exp
E:\DESKTOP\PROJECT\IPCAMERAACTIVITE\DEBUG\IPCAMERAACTIVITE.ILK
E:\DESKTOP\PROJECT\IPCAMERAACTIVITE\DEBUG\IPCAMERAACTIVITE.OCX
E:\DESKTOP\PROJECT\IPCAMERAACTIVITE\DEBUG\IPCAMERAACTIVITE.PDB
E:\DESKTOP\PROJECT\IPCAMERAACTIVITE\IPCAMERAACTIVITE\DEBUG\IPCAMERAACTIVITE.TLB
E:\DESKTOP\PROJECT\IPCAMERAACTIVITE\IPCAMERAACTIVITE\IPCAMERAACTIVITE_I.C
E:\DESKTOP\PROJECT\IPCAMERAACTIVITE\IPCAMERAACTIVITE\IPCAMERAACTIVITEIDL.H
E:\DESKTOP\PROJECT\IPCAMERAACTIVITE\IPCAMERAACTIVITE\DEBUG\IPCAMERAACTIVITE.RES
E:\Desktop\project\IpcameraActivite\IpcameraActivite\Debug\IpcameraActivite.obj
E:\Desktop\project\IpcameraActivite\IpcameraActivite\Debug\IpcameraActiviteCtrl.obj
E:\Desktop\project\IpcameraActivite\IpcameraActivite\Debug\IpcameraActivitePropPage.obj
E:\Desktop\project\IpcameraActivite\IpcameraActivite\Debug\Myipcameraactive.obj
E:\Desktop\project\IpcameraActivite\IpcameraActivite\Debug\stdafx.obj
E:\Desktop\project\IpcameraActivite\IpcameraActivite\Debug\IpcameraActivite.tlb
E:\Desktop\project\IpcameraActivite\IpcameraActivite\Debug\cl.command.1.tlog
E:\Desktop\project\IpcameraActivite\IpcameraActivite\Debug\CL.read.1.tlog
E:\Desktop\project\IpcameraActivite\IpcameraActivite\Debug\CL.write.1.tlog
E:\Desktop\project\IpcameraActivite\IpcameraActivite\Debug\IpcameraActivite.write.1.tlog
E:\Desktop\project\IpcameraActivite\IpcameraActivite\Debug\link-cvtres.read.1.tlog
E:\Desktop\project\IpcameraActivite\IpcameraActivite\Debug\link-cvtres.write.1.tlog
E:\Desktop\project\IpcameraActivite\IpcameraActivite\Debug\link-mt.read.1.tlog
E:\Desktop\project\IpcameraActivite\IpcameraActivite\Debug\link-mt.write.1.tlog
E:\Desktop\project\IpcameraActivite\IpcameraActivite\Debug\link-rc.read.1.tlog
E:\Desktop\project\IpcameraActivite\IpcameraActivite\Debug\link-rc.write.1.tlog
E:\Desktop\project\IpcameraActivite\IpcameraActivite\Debug\link.command.1.tlog
E:\Desktop\project\IpcameraActivite\IpcameraActivite\Debug\link.read.1.tlog
E:\Desktop\project\IpcameraActivite\IpcameraActivite\Debug\link.write.1.tlog
E:\Desktop\project\IpcameraActivite\IpcameraActivite\Debug\midl-midlc-cl.read.1.tlog
E:\Desktop\project\IpcameraActivite\IpcameraActivite\Debug\midl-midlc.read.1.tlog
E:\Desktop\project\IpcameraActivite\IpcameraActivite\Debug\midl-midlc.write.1.tlog
E:\Desktop\project\IpcameraActivite\IpcameraActivite\Debug\midl.command.1.tlog
E:\Desktop\project\IpcameraActivite\IpcameraActivite\Debug\midl.read.1.tlog
E:\Desktop\project\IpcameraActivite\IpcameraActivite\Debug\midl.write.1.tlog
E:\Desktop\project\IpcameraActivite\IpcameraActivite\Debug\rc.command.1.tlog
E:\Desktop\project\IpcameraActivite\IpcameraActivite\Debug\rc.read.1.tlog
E:\Desktop\project\IpcameraActivite\IpcameraActivite\Debug\rc.write.1.tlog
E:\Desktop\project\IpcameraActivite\IpcameraActivite\Debug\IpcameraActivite.res
E:\Desktop\project\IpcameraActivite\IpcameraActivite\Debug\IpcameraActivite.pch
E:\Desktop\project\IpcameraActivite\IpcameraActivite\Debug\vc110.idb
E:\Desktop\project\IpcameraActivite\IpcameraActivite\Debug\vc110.pdb
